{"contracts\\EIP777G.sol":{"l":{"94":47,"95":46,"96":46,"97":46,"98":46,"100":46,"101":2,"104":46,"105":46,"107":46,"108":46,"109":46,"110":46,"111":46,"114":46,"115":46,"121":0,"124":0,"132":1,"136":1,"140":0,"144":1,"148":5,"152":12,"156":0,"162":136,"163":6,"164":6,"173":29,"174":25,"175":23,"181":22,"182":21,"183":0,"185":21,"187":21,"188":21,"194":2,"195":2,"196":1,"198":1,"200":2,"201":2,"206":1,"213":2,"214":2,"215":2,"216":2,"221":1,"222":1,"224":1,"225":1,"226":1,"227":1,"228":1,"229":1,"232":1,"238":0,"239":0,"243":0,"244":0,"245":0,"249":0,"250":0,"254":0,"255":0,"256":0,"257":0,"269":15,"270":12,"282":10,"283":9,"284":8,"289":4,"290":3,"300":2,"301":1,"302":1,"317":20,"318":8,"319":0,"324":20,"325":2,"329":18,"330":18,"331":1,"335":17,"338":17,"339":17,"343":16,"344":16,"345":16,"347":0,"351":16,"352":16,"353":16,"356":0,"361":15,"364":15,"374":4,"376":4,"377":4,"378":0,"382":4,"385":4,"386":4,"389":4,"392":4,"396":14,"397":1,"409":52,"411":52,"413":52,"414":52,"417":52,"418":52,"422":52,"425":52,"440":0,"453":0,"457":89,"468":21,"469":3,"481":68,"482":8,"494":0,"496":0,"499":0,"500":0,"510":5,"511":4,"513":3,"514":3,"515":3,"516":3,"517":3,"522":1,"523":1,"524":1,"530":45,"534":0,"538":0,"542":0,"552":53,"554":53,"555":52,"562":0,"563":0,"564":0,"566":0,"567":0,"568":0,"569":0,"570":0,"571":0,"574":0,"578":0,"582":0,"586":2,"590":1},"path":"C:\\home\\mfere\\securegate-v1\\contracts\\EIP777G.sol","s":{"1":47,"2":46,"3":46,"4":46,"5":46,"6":46,"7":46,"8":46,"9":46,"10":46,"11":0,"12":0,"13":1,"14":1,"15":0,"16":1,"17":5,"18":12,"19":0,"20":136,"21":6,"22":29,"23":4,"24":25,"25":2,"26":23,"27":22,"28":21,"29":21,"30":21,"31":2,"32":2,"33":2,"34":2,"35":1,"36":2,"37":0,"38":2,"39":2,"40":1,"41":0,"42":1,"43":1,"44":1,"45":1,"46":1,"47":0,"48":0,"49":0,"50":0,"51":0,"52":0,"53":0,"54":0,"55":0,"56":0,"57":15,"58":12,"59":10,"60":9,"61":8,"62":4,"63":3,"64":2,"65":1,"66":1,"67":20,"68":8,"69":20,"70":18,"71":18,"72":17,"73":17,"74":17,"75":16,"76":16,"77":16,"78":16,"79":0,"80":15,"81":15,"82":4,"83":4,"84":4,"85":4,"86":4,"87":4,"88":14,"89":52,"90":52,"91":52,"92":52,"93":52,"94":52,"95":0,"96":0,"97":89,"98":21,"99":3,"100":68,"101":8,"102":0,"103":0,"104":0,"105":0,"106":5,"107":4,"108":3,"109":3,"110":1,"111":1,"112":45,"113":0,"114":0,"115":0,"116":53,"117":53,"118":52,"119":0,"120":0,"121":0,"122":0,"123":0,"124":0,"125":0,"126":0,"127":0,"128":0,"129":2,"130":1},"b":{"1":[1,46],"2":[0,46],"3":[6,130],"4":[4,25],"5":[2,23],"6":[1,21],"7":[0,21],"8":[0,2],"9":[1,1],"10":[2,1],"11":[0,2],"12":[1,0],"13":[0,1],"14":[0,1],"15":[1,0],"16":[0,0],"17":[0,0],"18":[15,1],"19":[10,0],"20":[4,0],"21":[2,0],"22":[8,12],"23":[0,8],"24":[2,18],"25":[1,17],"26":[0,17],"27":[17,0],"28":[16,0],"29":[16,0],"30":[16,0],"31":[0,4],"32":[1,13],"33":[0,52],"34":[52,0],"35":[0,0],"36":[0,0],"37":[3,18],"38":[8,60],"39":[0,0],"40":[0,0],"41":[1,4],"42":[1,3],"43":[1,0],"44":[45,1],"45":[0,0],"46":[0,0],"47":[0,0],"48":[53,0],"49":[1,52],"50":[0,0],"51":[0,0]},"f":{"1":47,"2":0,"3":1,"4":1,"5":0,"6":1,"7":5,"8":12,"9":0,"10":136,"11":29,"12":22,"13":2,"14":1,"15":2,"16":1,"17":0,"18":0,"19":0,"20":0,"21":15,"22":10,"23":4,"24":2,"25":20,"26":4,"27":14,"28":52,"29":0,"30":0,"31":89,"32":21,"33":68,"34":0,"35":5,"36":1,"37":45,"38":0,"39":0,"40":0,"41":53,"42":0,"43":0,"44":0,"45":2,"46":1},"fnMap":{"1":{"name":"constructor","line":85,"loc":{"start":{"line":85,"column":4},"end":{"line":116,"column":4}}},"2":{"name":"registerERC1820Implementers","line":120,"loc":{"start":{"line":120,"column":4},"end":{"line":127,"column":4}}},"3":{"name":"name","line":131,"loc":{"start":{"line":131,"column":4},"end":{"line":133,"column":4}}},"4":{"name":"symbol","line":135,"loc":{"start":{"line":135,"column":4},"end":{"line":137,"column":4}}},"5":{"name":"decimals","line":139,"loc":{"start":{"line":139,"column":4},"end":{"line":141,"column":4}}},"6":{"name":"granularity","line":143,"loc":{"start":{"line":143,"column":4},"end":{"line":145,"column":4}}},"7":{"name":"totalSupply","line":147,"loc":{"start":{"line":147,"column":4},"end":{"line":149,"column":4}}},"8":{"name":"balanceOf","line":151,"loc":{"start":{"line":151,"column":4},"end":{"line":153,"column":4}}},"9":{"name":"allowance","line":155,"loc":{"start":{"line":155,"column":4},"end":{"line":157,"column":4}}},"10":{"name":"_checkGranularity","line":161,"loc":{"start":{"line":161,"column":4},"end":{"line":166,"column":4}}},"11":{"name":"isOperatorFor","line":172,"loc":{"start":{"line":172,"column":4},"end":{"line":176,"column":4}}},"12":{"name":"authorizeOperator","line":180,"loc":{"start":{"line":180,"column":4},"end":{"line":189,"column":4}}},"13":{"name":"revokeOperator","line":193,"loc":{"start":{"line":193,"column":4},"end":{"line":202,"column":4}}},"14":{"name":"defaultOperators","line":205,"loc":{"start":{"line":205,"column":4},"end":{"line":207,"column":4}}},"15":{"name":"addDefaultOperator","line":212,"loc":{"start":{"line":212,"column":4},"end":{"line":217,"column":4}}},"16":{"name":"removeDefaultOperator","line":220,"loc":{"start":{"line":220,"column":4},"end":{"line":233,"column":4}}},"17":{"name":"approve","line":237,"loc":{"start":{"line":237,"column":4},"end":{"line":240,"column":4}}},"18":{"name":"transferFrom","line":242,"loc":{"start":{"line":242,"column":4},"end":{"line":246,"column":4}}},"19":{"name":"_approve","line":248,"loc":{"start":{"line":248,"column":4},"end":{"line":251,"column":4}}},"20":{"name":"_spendAllowance","line":253,"loc":{"start":{"line":253,"column":4},"end":{"line":259,"column":4}}},"21":{"name":"send","line":267,"loc":{"start":{"line":265,"column":4},"end":{"line":271,"column":4}}},"22":{"name":"operatorSend","line":281,"loc":{"start":{"line":275,"column":4},"end":{"line":285,"column":4}}},"23":{"name":"burn","line":288,"loc":{"start":{"line":288,"column":4},"end":{"line":291,"column":4}}},"24":{"name":"operatorBurn","line":299,"loc":{"start":{"line":294,"column":4},"end":{"line":303,"column":4}}},"25":{"name":"_send","line":307,"loc":{"start":{"line":307,"column":4},"end":{"line":365,"column":4}}},"26":{"name":"_burn","line":367,"loc":{"start":{"line":367,"column":4},"end":{"line":393,"column":4}}},"27":{"name":"_requireOperator","line":395,"loc":{"start":{"line":395,"column":4},"end":{"line":399,"column":4}}},"28":{"name":"_mint","line":401,"loc":{"start":{"line":401,"column":4},"end":{"line":426,"column":4}}},"29":{"name":"tokensToSend","line":431,"loc":{"start":{"line":431,"column":4},"end":{"line":441,"column":4}}},"30":{"name":"tokensReceived","line":444,"loc":{"start":{"line":444,"column":4},"end":{"line":454,"column":4}}},"31":{"name":"_isContract","line":456,"loc":{"start":{"line":456,"column":4},"end":{"line":458,"column":4}}},"32":{"name":"_callTokensToSend","line":460,"loc":{"start":{"line":460,"column":4},"end":{"line":471,"column":4}}},"33":{"name":"_callTokensReceived","line":473,"loc":{"start":{"line":473,"column":4},"end":{"line":484,"column":4}}},"34":{"name":"_callTokensReceivedIfRegistered","line":486,"loc":{"start":{"line":486,"column":4},"end":{"line":503,"column":4}}},"35":{"name":"severIngress","line":509,"loc":{"start":{"line":509,"column":4},"end":{"line":518,"column":4}}},"36":{"name":"restoreIngress","line":521,"loc":{"start":{"line":521,"column":4},"end":{"line":525,"column":4}}},"37":{"name":"grantOperatorRole","line":529,"loc":{"start":{"line":529,"column":4},"end":{"line":531,"column":4}}},"38":{"name":"revokeOperatorRole","line":533,"loc":{"start":{"line":533,"column":4},"end":{"line":535,"column":4}}},"39":{"name":"grantSeverRole","line":537,"loc":{"start":{"line":537,"column":4},"end":{"line":539,"column":4}}},"40":{"name":"grantEmergencyRole","line":541,"loc":{"start":{"line":541,"column":4},"end":{"line":543,"column":4}}},"41":{"name":"mint","line":550,"loc":{"start":{"line":548,"column":4},"end":{"line":556,"column":4}}},"42":{"name":"getOperatorAuthorizations","line":560,"loc":{"start":{"line":560,"column":4},"end":{"line":575,"column":4}}},"43":{"name":"getRegistry","line":577,"loc":{"start":{"line":577,"column":4},"end":{"line":579,"column":4}}},"44":{"name":"getGranularity","line":581,"loc":{"start":{"line":581,"column":4},"end":{"line":583,"column":4}}},"45":{"name":"isIngressSevered","line":585,"loc":{"start":{"line":585,"column":4},"end":{"line":587,"column":4}}},"46":{"name":"getSeverInfo","line":589,"loc":{"start":{"line":589,"column":4},"end":{"line":591,"column":4}}}},"statementMap":{"1":{"start":{"line":94,"column":8},"end":{"line":94,"column":59}},"2":{"start":{"line":100,"column":8},"end":{"line":100,"column":4784}},"3":{"start":{"line":104,"column":8},"end":{"line":104,"column":67}},"4":{"start":{"line":107,"column":8},"end":{"line":107,"column":45}},"5":{"start":{"line":108,"column":8},"end":{"line":108,"column":40}},"6":{"start":{"line":109,"column":8},"end":{"line":109,"column":37}},"7":{"start":{"line":110,"column":8},"end":{"line":110,"column":37}},"8":{"start":{"line":111,"column":8},"end":{"line":111,"column":41}},"9":{"start":{"line":114,"column":8},"end":{"line":114,"column":116}},"10":{"start":{"line":115,"column":8},"end":{"line":115,"column":112}},"11":{"start":{"line":121,"column":8},"end":{"line":121,"column":5786}},"12":{"start":{"line":124,"column":8},"end":{"line":124,"column":5935}},"13":{"start":{"line":132,"column":8},"end":{"line":132,"column":20}},"14":{"start":{"line":136,"column":8},"end":{"line":136,"column":22}},"15":{"start":{"line":140,"column":8},"end":{"line":140,"column":17}},"16":{"start":{"line":144,"column":8},"end":{"line":144,"column":27}},"17":{"start":{"line":148,"column":8},"end":{"line":148,"column":27}},"18":{"start":{"line":152,"column":8},"end":{"line":152,"column":32}},"19":{"start":{"line":156,"column":8},"end":{"line":156,"column":43}},"20":{"start":{"line":162,"column":8},"end":{"line":162,"column":7007}},"21":{"start":{"line":163,"column":12},"end":{"line":163,"column":71}},"22":{"start":{"line":173,"column":8},"end":{"line":173,"column":43}},"23":{"start":{"line":173,"column":32},"end":{"line":173,"column":43}},"24":{"start":{"line":174,"column":8},"end":{"line":174,"column":98}},"25":{"start":{"line":174,"column":87},"end":{"line":174,"column":98}},"26":{"start":{"line":175,"column":8},"end":{"line":175,"column":55}},"27":{"start":{"line":181,"column":8},"end":{"line":181,"column":74}},"28":{"start":{"line":182,"column":8},"end":{"line":182,"column":8036}},"29":{"start":{"line":187,"column":8},"end":{"line":187,"column":69}},"30":{"start":{"line":188,"column":8},"end":{"line":188,"column":53}},"31":{"start":{"line":194,"column":8},"end":{"line":194,"column":74}},"32":{"start":{"line":195,"column":8},"end":{"line":195,"column":8622}},"33":{"start":{"line":200,"column":8},"end":{"line":200,"column":70}},"34":{"start":{"line":201,"column":8},"end":{"line":201,"column":50}},"35":{"start":{"line":206,"column":8},"end":{"line":206,"column":36}},"36":{"start":{"line":213,"column":8},"end":{"line":213,"column":47}},"37":{"start":{"line":213,"column":41},"end":{"line":213,"column":47}},"38":{"start":{"line":215,"column":8},"end":{"line":215,"column":43}},"39":{"start":{"line":216,"column":8},"end":{"line":216,"column":47}},"40":{"start":{"line":221,"column":8},"end":{"line":221,"column":48}},"41":{"start":{"line":221,"column":42},"end":{"line":221,"column":48}},"42":{"start":{"line":222,"column":8},"end":{"line":222,"column":72}},"43":{"start":{"line":225,"column":8},"end":{"line":225,"column":9877}},"44":{"start":{"line":226,"column":12},"end":{"line":226,"column":9954}},"45":{"start":{"line":228,"column":16},"end":{"line":228,"column":42}},"46":{"start":{"line":232,"column":8},"end":{"line":232,"column":48}},"47":{"start":{"line":238,"column":8},"end":{"line":238,"column":44}},"48":{"start":{"line":239,"column":8},"end":{"line":239,"column":19}},"49":{"start":{"line":243,"column":8},"end":{"line":243,"column":48}},"50":{"start":{"line":244,"column":8},"end":{"line":244,"column":57}},"51":{"start":{"line":245,"column":8},"end":{"line":245,"column":19}},"52":{"start":{"line":250,"column":8},"end":{"line":250,"column":46}},"53":{"start":{"line":254,"column":8},"end":{"line":254,"column":61}},"54":{"start":{"line":255,"column":8},"end":{"line":255,"column":11077}},"55":{"start":{"line":256,"column":12},"end":{"line":256,"column":104}},"56":{"start":{"line":257,"column":12},"end":{"line":257,"column":63}},"57":{"start":{"line":269,"column":8},"end":{"line":269,"column":32}},"58":{"start":{"line":270,"column":8},"end":{"line":270,"column":64}},"59":{"start":{"line":282,"column":8},"end":{"line":282,"column":32}},"60":{"start":{"line":283,"column":8},"end":{"line":283,"column":29}},"61":{"start":{"line":284,"column":8},"end":{"line":284,"column":68}},"62":{"start":{"line":289,"column":8},"end":{"line":289,"column":32}},"63":{"start":{"line":290,"column":8},"end":{"line":290,"column":54}},"64":{"start":{"line":300,"column":8},"end":{"line":300,"column":32}},"65":{"start":{"line":301,"column":8},"end":{"line":301,"column":29}},"66":{"start":{"line":302,"column":8},"end":{"line":302,"column":58}},"67":{"start":{"line":317,"column":8},"end":{"line":317,"column":13196}},"68":{"start":{"line":318,"column":12},"end":{"line":318,"column":13236}},"69":{"start":{"line":324,"column":8},"end":{"line":324,"column":13400}},"70":{"start":{"line":329,"column":8},"end":{"line":329,"column":45}},"71":{"start":{"line":330,"column":8},"end":{"line":330,"column":13575}},"72":{"start":{"line":335,"column":8},"end":{"line":335,"column":60}},"73":{"start":{"line":338,"column":8},"end":{"line":338,"column":13849}},"74":{"start":{"line":339,"column":12},"end":{"line":339,"column":76}},"75":{"start":{"line":344,"column":8},"end":{"line":344,"column":14046}},"76":{"start":{"line":351,"column":8},"end":{"line":351,"column":14221}},"77":{"start":{"line":352,"column":12},"end":{"line":352,"column":14261}},"78":{"start":{"line":353,"column":16},"end":{"line":353,"column":82}},"79":{"start":{"line":356,"column":16},"end":{"line":356,"column":94}},"80":{"start":{"line":361,"column":8},"end":{"line":361,"column":65}},"81":{"start":{"line":364,"column":8},"end":{"line":364,"column":39}},"82":{"start":{"line":374,"column":8},"end":{"line":374,"column":29}},"83":{"start":{"line":376,"column":8},"end":{"line":376,"column":45}},"84":{"start":{"line":377,"column":8},"end":{"line":377,"column":15081}},"85":{"start":{"line":382,"column":8},"end":{"line":382,"column":80}},"86":{"start":{"line":389,"column":8},"end":{"line":389,"column":63}},"87":{"start":{"line":392,"column":8},"end":{"line":392,"column":47}},"88":{"start":{"line":396,"column":8},"end":{"line":396,"column":15715}},"89":{"start":{"line":409,"column":8},"end":{"line":409,"column":32}},"90":{"start":{"line":411,"column":8},"end":{"line":411,"column":60}},"91":{"start":{"line":417,"column":8},"end":{"line":417,"column":16257}},"92":{"start":{"line":418,"column":12},"end":{"line":418,"column":78}},"93":{"start":{"line":422,"column":8},"end":{"line":422,"column":61}},"94":{"start":{"line":425,"column":8},"end":{"line":425,"column":45}},"95":{"start":{"line":440,"column":8},"end":{"line":440,"column":77}},"96":{"start":{"line":453,"column":8},"end":{"line":453,"column":77}},"97":{"start":{"line":457,"column":8},"end":{"line":457,"column":37}},"98":{"start":{"line":468,"column":8},"end":{"line":468,"column":17861}},"99":{"start":{"line":469,"column":12},"end":{"line":469,"column":91}},"100":{"start":{"line":481,"column":8},"end":{"line":481,"column":18231}},"101":{"start":{"line":482,"column":12},"end":{"line":482,"column":94}},"102":{"start":{"line":494,"column":8},"end":{"line":494,"column":18592}},"103":{"start":{"line":496,"column":12},"end":{"line":496,"column":18711}},"104":{"start":{"line":499,"column":12},"end":{"line":499,"column":18863}},"105":{"start":{"line":500,"column":16},"end":{"line":500,"column":98}},"106":{"start":{"line":510,"column":8},"end":{"line":510,"column":87}},"107":{"start":{"line":511,"column":8},"end":{"line":511,"column":106}},"108":{"start":{"line":516,"column":8},"end":{"line":516,"column":56}},"109":{"start":{"line":517,"column":8},"end":{"line":517,"column":72}},"110":{"start":{"line":523,"column":8},"end":{"line":523,"column":57}},"111":{"start":{"line":524,"column":8},"end":{"line":524,"column":74}},"112":{"start":{"line":530,"column":8},"end":{"line":530,"column":41}},"113":{"start":{"line":534,"column":8},"end":{"line":534,"column":42}},"114":{"start":{"line":538,"column":8},"end":{"line":538,"column":38}},"115":{"start":{"line":542,"column":8},"end":{"line":542,"column":42}},"116":{"start":{"line":552,"column":8},"end":{"line":552,"column":32}},"117":{"start":{"line":554,"column":8},"end":{"line":554,"column":85}},"118":{"start":{"line":555,"column":8},"end":{"line":555,"column":68}},"119":{"start":{"line":562,"column":8},"end":{"line":562,"column":25}},"120":{"start":{"line":563,"column":8},"end":{"line":563,"column":21500}},"121":{"start":{"line":564,"column":12},"end":{"line":564,"column":81}},"122":{"start":{"line":566,"column":8},"end":{"line":566,"column":54}},"123":{"start":{"line":567,"column":8},"end":{"line":567,"column":23}},"124":{"start":{"line":568,"column":8},"end":{"line":568,"column":21743}},"125":{"start":{"line":569,"column":12},"end":{"line":569,"column":21820}},"126":{"start":{"line":574,"column":8},"end":{"line":574,"column":21}},"127":{"start":{"line":578,"column":8},"end":{"line":578,"column":23}},"128":{"start":{"line":582,"column":8},"end":{"line":582,"column":27}},"129":{"start":{"line":586,"column":8},"end":{"line":586,"column":29}},"130":{"start":{"line":590,"column":8},"end":{"line":590,"column":37}}},"branchMap":{"1":{"line":94,"type":"if","locations":[{"start":{"line":94,"column":8},"end":{"line":94,"column":8}},{"start":{"line":94,"column":8},"end":{"line":94,"column":8}}]},"2":{"line":104,"type":"if","locations":[{"start":{"line":104,"column":8},"end":{"line":104,"column":8}},{"start":{"line":104,"column":8},"end":{"line":104,"column":8}}]},"3":{"line":162,"type":"if","locations":[{"start":{"line":162,"column":8},"end":{"line":162,"column":8}},{"start":{"line":162,"column":8},"end":{"line":162,"column":8}}]},"4":{"line":173,"type":"if","locations":[{"start":{"line":173,"column":8},"end":{"line":173,"column":8}},{"start":{"line":173,"column":8},"end":{"line":173,"column":8}}]},"5":{"line":174,"type":"if","locations":[{"start":{"line":174,"column":8},"end":{"line":174,"column":8}},{"start":{"line":174,"column":8},"end":{"line":174,"column":8}}]},"6":{"line":181,"type":"if","locations":[{"start":{"line":181,"column":8},"end":{"line":181,"column":8}},{"start":{"line":181,"column":8},"end":{"line":181,"column":8}}]},"7":{"line":182,"type":"if","locations":[{"start":{"line":182,"column":8},"end":{"line":182,"column":8}},{"start":{"line":182,"column":8},"end":{"line":182,"column":8}}]},"8":{"line":194,"type":"if","locations":[{"start":{"line":194,"column":8},"end":{"line":194,"column":8}},{"start":{"line":194,"column":8},"end":{"line":194,"column":8}}]},"9":{"line":195,"type":"if","locations":[{"start":{"line":195,"column":8},"end":{"line":195,"column":8}},{"start":{"line":195,"column":8},"end":{"line":195,"column":8}}]},"10":{"line":212,"type":"if","locations":[{"start":{"line":212,"column":59},"end":{"line":212,"column":59}},{"start":{"line":212,"column":59},"end":{"line":212,"column":59}}]},"11":{"line":213,"type":"if","locations":[{"start":{"line":213,"column":8},"end":{"line":213,"column":8}},{"start":{"line":213,"column":8},"end":{"line":213,"column":8}}]},"12":{"line":220,"type":"if","locations":[{"start":{"line":220,"column":62},"end":{"line":220,"column":62}},{"start":{"line":220,"column":62},"end":{"line":220,"column":62}}]},"13":{"line":221,"type":"if","locations":[{"start":{"line":221,"column":8},"end":{"line":221,"column":8}},{"start":{"line":221,"column":8},"end":{"line":221,"column":8}}]},"14":{"line":222,"type":"if","locations":[{"start":{"line":222,"column":8},"end":{"line":222,"column":8}},{"start":{"line":222,"column":8},"end":{"line":222,"column":8}}]},"15":{"line":226,"type":"if","locations":[{"start":{"line":226,"column":12},"end":{"line":226,"column":12}},{"start":{"line":226,"column":12},"end":{"line":226,"column":12}}]},"16":{"line":255,"type":"if","locations":[{"start":{"line":255,"column":8},"end":{"line":255,"column":8}},{"start":{"line":255,"column":8},"end":{"line":255,"column":8}}]},"17":{"line":256,"type":"if","locations":[{"start":{"line":256,"column":12},"end":{"line":256,"column":12}},{"start":{"line":256,"column":12},"end":{"line":256,"column":12}}]},"18":{"line":267,"type":"if","locations":[{"start":{"line":267,"column":8},"end":{"line":267,"column":8}},{"start":{"line":267,"column":8},"end":{"line":267,"column":8}}]},"19":{"line":281,"type":"if","locations":[{"start":{"line":281,"column":15},"end":{"line":281,"column":15}},{"start":{"line":281,"column":15},"end":{"line":281,"column":15}}]},"20":{"line":288,"type":"if","locations":[{"start":{"line":288,"column":64},"end":{"line":288,"column":64}},{"start":{"line":288,"column":64},"end":{"line":288,"column":64}}]},"21":{"line":299,"type":"if","locations":[{"start":{"line":299,"column":15},"end":{"line":299,"column":15}},{"start":{"line":299,"column":15},"end":{"line":299,"column":15}}]},"22":{"line":317,"type":"if","locations":[{"start":{"line":317,"column":8},"end":{"line":317,"column":8}},{"start":{"line":317,"column":8},"end":{"line":317,"column":8}}]},"23":{"line":318,"type":"if","locations":[{"start":{"line":318,"column":12},"end":{"line":318,"column":12}},{"start":{"line":318,"column":12},"end":{"line":318,"column":12}}]},"24":{"line":324,"type":"if","locations":[{"start":{"line":324,"column":8},"end":{"line":324,"column":8}},{"start":{"line":324,"column":8},"end":{"line":324,"column":8}}]},"25":{"line":330,"type":"if","locations":[{"start":{"line":330,"column":8},"end":{"line":330,"column":8}},{"start":{"line":330,"column":8},"end":{"line":330,"column":8}}]},"26":{"line":335,"type":"if","locations":[{"start":{"line":335,"column":8},"end":{"line":335,"column":8}},{"start":{"line":335,"column":8},"end":{"line":335,"column":8}}]},"27":{"line":338,"type":"if","locations":[{"start":{"line":338,"column":8},"end":{"line":338,"column":8}},{"start":{"line":338,"column":8},"end":{"line":338,"column":8}}]},"28":{"line":344,"type":"if","locations":[{"start":{"line":344,"column":8},"end":{"line":344,"column":8}},{"start":{"line":344,"column":8},"end":{"line":344,"column":8}}]},"29":{"line":351,"type":"if","locations":[{"start":{"line":351,"column":8},"end":{"line":351,"column":8}},{"start":{"line":351,"column":8},"end":{"line":351,"column":8}}]},"30":{"line":352,"type":"if","locations":[{"start":{"line":352,"column":12},"end":{"line":352,"column":12}},{"start":{"line":352,"column":12},"end":{"line":352,"column":12}}]},"31":{"line":377,"type":"if","locations":[{"start":{"line":377,"column":8},"end":{"line":377,"column":8}},{"start":{"line":377,"column":8},"end":{"line":377,"column":8}}]},"32":{"line":396,"type":"if","locations":[{"start":{"line":396,"column":8},"end":{"line":396,"column":8}},{"start":{"line":396,"column":8},"end":{"line":396,"column":8}}]},"33":{"line":411,"type":"if","locations":[{"start":{"line":411,"column":8},"end":{"line":411,"column":8}},{"start":{"line":411,"column":8},"end":{"line":411,"column":8}}]},"34":{"line":417,"type":"if","locations":[{"start":{"line":417,"column":8},"end":{"line":417,"column":8}},{"start":{"line":417,"column":8},"end":{"line":417,"column":8}}]},"35":{"line":440,"type":"if","locations":[{"start":{"line":440,"column":8},"end":{"line":440,"column":8}},{"start":{"line":440,"column":8},"end":{"line":440,"column":8}}]},"36":{"line":453,"type":"if","locations":[{"start":{"line":453,"column":8},"end":{"line":453,"column":8}},{"start":{"line":453,"column":8},"end":{"line":453,"column":8}}]},"37":{"line":468,"type":"if","locations":[{"start":{"line":468,"column":8},"end":{"line":468,"column":8}},{"start":{"line":468,"column":8},"end":{"line":468,"column":8}}]},"38":{"line":481,"type":"if","locations":[{"start":{"line":481,"column":8},"end":{"line":481,"column":8}},{"start":{"line":481,"column":8},"end":{"line":481,"column":8}}]},"39":{"line":494,"type":"if","locations":[{"start":{"line":494,"column":8},"end":{"line":494,"column":8}},{"start":{"line":494,"column":8},"end":{"line":494,"column":8}}]},"40":{"line":499,"type":"if","locations":[{"start":{"line":499,"column":12},"end":{"line":499,"column":12}},{"start":{"line":499,"column":12},"end":{"line":499,"column":12}}]},"41":{"line":510,"type":"if","locations":[{"start":{"line":510,"column":8},"end":{"line":510,"column":8}},{"start":{"line":510,"column":8},"end":{"line":510,"column":8}}]},"42":{"line":511,"type":"if","locations":[{"start":{"line":511,"column":8},"end":{"line":511,"column":8}},{"start":{"line":511,"column":8},"end":{"line":511,"column":8}}]},"43":{"line":521,"type":"if","locations":[{"start":{"line":521,"column":39},"end":{"line":521,"column":39}},{"start":{"line":521,"column":39},"end":{"line":521,"column":39}}]},"44":{"line":529,"type":"if","locations":[{"start":{"line":529,"column":57},"end":{"line":529,"column":57}},{"start":{"line":529,"column":57},"end":{"line":529,"column":57}}]},"45":{"line":533,"type":"if","locations":[{"start":{"line":533,"column":58},"end":{"line":533,"column":58}},{"start":{"line":533,"column":58},"end":{"line":533,"column":58}}]},"46":{"line":537,"type":"if","locations":[{"start":{"line":537,"column":54},"end":{"line":537,"column":54}},{"start":{"line":537,"column":54},"end":{"line":537,"column":54}}]},"47":{"line":541,"type":"if","locations":[{"start":{"line":541,"column":58},"end":{"line":541,"column":58}},{"start":{"line":541,"column":58},"end":{"line":541,"column":58}}]},"48":{"line":550,"type":"if","locations":[{"start":{"line":550,"column":8},"end":{"line":550,"column":8}},{"start":{"line":550,"column":8},"end":{"line":550,"column":8}}]},"49":{"line":554,"type":"if","locations":[{"start":{"line":554,"column":8},"end":{"line":554,"column":8}},{"start":{"line":554,"column":8},"end":{"line":554,"column":8}}]},"50":{"line":564,"type":"if","locations":[{"start":{"line":564,"column":12},"end":{"line":564,"column":12}},{"start":{"line":564,"column":12},"end":{"line":564,"column":12}}]},"51":{"line":569,"type":"if","locations":[{"start":{"line":569,"column":12},"end":{"line":569,"column":12}},{"start":{"line":569,"column":12},"end":{"line":569,"column":12}}]}}},"contracts\\mocks\\MockERC1820Registry.sol":{"l":{"14":41,"18":0,"19":0,"23":0,"27":92,"28":92,"29":92,"33":0,"37":0,"45":0,"49":0},"path":"C:\\home\\mfere\\securegate-v1\\contracts\\mocks\\MockERC1820Registry.sol","s":{"1":0,"2":0,"3":92,"4":92,"5":0,"6":0,"7":0,"8":0},"b":{"1":[0,0],"2":[92,0],"3":[0,92]},"f":{"1":41,"2":0,"3":0,"4":92,"5":0,"6":0,"7":0,"8":0,"9":0},"fnMap":{"1":{"name":"constructor","line":13,"loc":{"start":{"line":13,"column":4},"end":{"line":15,"column":4}}},"2":{"name":"setManager","line":17,"loc":{"start":{"line":17,"column":4},"end":{"line":20,"column":4}}},"3":{"name":"getManager","line":22,"loc":{"start":{"line":22,"column":4},"end":{"line":24,"column":4}}},"4":{"name":"setInterfaceImplementer","line":26,"loc":{"start":{"line":26,"column":4},"end":{"line":30,"column":4}}},"5":{"name":"getInterfaceImplementer","line":32,"loc":{"start":{"line":32,"column":4},"end":{"line":34,"column":4}}},"6":{"name":"interfaceHash","line":36,"loc":{"start":{"line":36,"column":4},"end":{"line":38,"column":4}}},"7":{"name":"updateERC165Cache","line":40,"loc":{"start":{"line":40,"column":4},"end":{"line":42,"column":4}}},"8":{"name":"implementsERC165Interface","line":44,"loc":{"start":{"line":44,"column":4},"end":{"line":46,"column":4}}},"9":{"name":"implementsERC165InterfaceNoCache","line":48,"loc":{"start":{"line":48,"column":4},"end":{"line":50,"column":4}}}},"statementMap":{"1":{"start":{"line":19,"column":8},"end":{"line":19,"column":48}},"2":{"start":{"line":23,"column":8},"end":{"line":23,"column":78}},"3":{"start":{"line":27,"column":8},"end":{"line":27,"column":97}},"4":{"start":{"line":29,"column":8},"end":{"line":29,"column":74}},"5":{"start":{"line":33,"column":8},"end":{"line":33,"column":53}},"6":{"start":{"line":37,"column":8},"end":{"line":37,"column":46}},"7":{"start":{"line":45,"column":8},"end":{"line":45,"column":20}},"8":{"start":{"line":49,"column":8},"end":{"line":49,"column":20}}},"branchMap":{"1":{"line":23,"type":"if","locations":[{"start":{"line":23,"column":50},"end":{"line":23,"column":67}},{"start":{"line":23,"column":71},"end":{"line":23,"column":77}}]},"2":{"line":27,"type":"if","locations":[{"start":{"line":27,"column":8},"end":{"line":27,"column":8}},{"start":{"line":27,"column":8},"end":{"line":27,"column":8}}]},"3":{"line":27,"type":"cond-expr","locations":[{"start":{"line":27,"column":16},"end":{"line":27,"column":47}},{"start":{"line":27,"column":52},"end":{"line":27,"column":72}}]}}},"contracts\\mocks\\MockERC777Recipient.sol":{"l":{"25":2,"26":2,"27":2,"28":2,"29":2,"30":2,"31":2},"path":"C:\\home\\mfere\\securegate-v1\\contracts\\mocks\\MockERC777Recipient.sol","s":{},"b":{},"f":{"1":2},"fnMap":{"1":{"name":"tokensReceived","line":17,"loc":{"start":{"line":17,"column":4},"end":{"line":32,"column":4}}}},"statementMap":{},"branchMap":{}},"contracts\\mocks\\MockERC777Sender.sol":{"l":{"34":2,"35":2,"36":2,"37":2,"38":2,"39":2,"40":2,"51":4,"52":4,"53":4,"54":4,"55":4,"56":4,"57":4},"path":"C:\\home\\mfere\\securegate-v1\\contracts\\mocks\\MockERC777Sender.sol","s":{},"b":{},"f":{"1":2,"2":4},"fnMap":{"1":{"name":"tokensToSend","line":26,"loc":{"start":{"line":26,"column":4},"end":{"line":41,"column":4}}},"2":{"name":"tokensReceived","line":43,"loc":{"start":{"line":43,"column":4},"end":{"line":58,"column":4}}}},"statementMap":{},"branchMap":{}},"contracts\\mocks\\MockNoHook.sol":{"l":{},"path":"C:\\home\\mfere\\securegate-v1\\contracts\\mocks\\MockNoHook.sol","s":{},"b":{},"f":{},"fnMap":{},"statementMap":{},"branchMap":{}},"contracts\\mocks\\ReentrantAttacker.sol":{"l":{"16":1,"17":1,"21":1,"25":1,"27":1,"39":1,"40":1},"path":"C:\\home\\mfere\\securegate-v1\\contracts\\mocks\\ReentrantAttacker.sol","s":{"1":1,"2":1,"3":1,"4":1},"b":{"1":[1,0]},"f":{"1":1,"2":1,"3":1,"4":1,"5":1},"fnMap":{"1":{"name":"constructor","line":15,"loc":{"start":{"line":15,"column":4},"end":{"line":18,"column":4}}},"2":{"name":"authorizeOperator","line":20,"loc":{"start":{"line":20,"column":4},"end":{"line":22,"column":4}}},"3":{"name":"attack","line":24,"loc":{"start":{"line":24,"column":4},"end":{"line":28,"column":4}}},"4":{"name":"tokensToSend","line":30,"loc":{"start":{"line":30,"column":4},"end":{"line":42,"column":4}}},"5":{"name":"tokensReceived","line":44,"loc":{"start":{"line":44,"column":4},"end":{"line":53,"column":4}}}},"statementMap":{"1":{"start":{"line":21,"column":8},"end":{"line":21,"column":46}},"2":{"start":{"line":27,"column":8},"end":{"line":27,"column":44}},"3":{"start":{"line":39,"column":8},"end":{"line":39,"column":1217}},"4":{"start":{"line":40,"column":12},"end":{"line":40,"column":47}}},"branchMap":{"1":{"line":39,"type":"if","locations":[{"start":{"line":39,"column":8},"end":{"line":39,"column":8}},{"start":{"line":39,"column":8},"end":{"line":39,"column":8}}]}}}}